<?xml version="1.0" encoding="UTF-8"?>
<!-- Generated by org.testng.reporters.JUnitReportReporter -->
<testsuite hostname="BUBBY" failures="0" tests="1" name="com.demo.tests.LoginTest" time="1.912" errors="0" timestamp="2025-06-10T14:46:49 IST" skipped="0">
  <testcase classname="com.demo.tests.LoginTest" name="validLoginTest" time="1.912"/>
  <system-out/>
</testsuite> <!-- com.demo.tests.LoginTest -->
